750
905
543 544
192
113
888
712
754
243 244
293
975
305
633 634
631 632
779
45
937 940
584
263 264
19
797 798
907
592
768
453
775
774 781
978
397
626
384 385
129 130
572 573
523 524
62
579 580
140
379
569
452 454
467
508
951
440
849
238 242
92
94 95
720 721
861 862
866 868
198 199
463
795 796
479
945 946
687
300
39
539
416
790
714 715
889
916 918
326
148
867
96 97
10 12
706
667
681 683
438 443
852
609 612
255
813 814
386 388
489
677
639
21
576
179
837 838
425
836
178
854
980 981
728
557
970
75
747
948
788 789
289 290
624 625
583 585
270 271
702
690
506
848
499
727
448
764
871 872
17
922
993 995
275
121
56
545 547
474 475
27 30
303
939
413 414
673 674
205
340
319
614
302
528 529
765 769
240
723
875
161 162
520
393
822
422 424
778
213
616
662 664
877
537 542
372 373
411
874
0 2
926
826
230
267
713
491
740 744
927 928
596
652
433
324 327
510 511
149
701 703
441
863
859
610
509
650
560
525 527
502
884 885
100
736
782 783
48
374
682
546
969
347
389
675 676
780
183 185
516
283
412
90
188 190
473
337 338
186
54 55
276
825 828
277
534 535
329
654
766
194
403 405
827
994
802
447 449
107
656
420
697 698
967 968
648
480
312
291 295
23
514
333
735 737
490 492
184
540
718
132
770 773
906
786
761
672
669
908
739
407 408
729
118 119
391
153 155
3
973 974
932 934
170
896
260
815
615 617
359 363
42
855
423
266 269
507
6 8
749 750
394 395
865
309
457
60
455 458
116 117
208
853 856
174
356
660 661
287
962
233
597
321 322
308
36 37
171 172
686 689
246 248
966
429
180 182
125
925
342
435
470 471
804
923
349
607 608
222
914
955
519
285 288
43
311
486
274
559
902 903
418 419
196
831
472
684 685
500
910 911
757
134 137
533
899
73
589 590
147 150
938
59 61
870
398 399
142
216
935
680
982 984
891 892
66 67
22
206 207
296
28
671
123 124
515
68 69
50
11
531
886
434 437
842
102 104
436
647
259 262
151 152
156 157
34
716 717
620 622
330 331
439
882 883
799
335 336
846 847
89
315
298
9
368 371
890
167
992
887
538
803
236 237
929 930
873 876
98
272
168 169
241
893
792
565
561
834 835
127
139
554
738
530
444 445
339 341
746
426 427
570
912 915
301
638
742
226 227
594
704
328
553 558
228
567
952 953
144 146
84 85
823
70
71 72
177
818 824
644
197
972
900
894 897
898 901
145
122
451
112
812
665 666
278
751 752
730
734
78
166
446
477
708
210
13
120
251
771
919 920
741
200 204
699 700
323
353 355
332
49 51
839
310 318
655
164
679
41
933
256 257
787
629
588
857 858
390 392
343 344
375 376
869
581 582
809
173 175
904 909
485
111
320
74
387
354
29
466 469
575
950
998
521 522
879 881
430
348
80 82
840 841
646
913
159
618 619
691
793 794
245
154
753 758
114 115
317
549
748
223 224
548 552
743
346
595 598
369
504
996 999
484 487
214 215
931
637 643
360
163 165
16
963
725
601 603
421
820
231 234
599 600
15 18
370
4
568 571
428 432
396
800 801
705 709
942
325
46 47
442
181
985 988
791
217
106
784
936
924
131 133
5
378
719
707
726 731
357
641
983
361
109
212
252 253
505
81
365 366
627
239
663
351
468
917
358
977 979
860
819
314
811
586 587
830
767
604
103
57 58
203
997
14
986
265
536
460
762 763
415 417
218 221
201
651 653
772
362
141
409 410
756
138 143
450
254
481 482
987
958 960
776
562 563
380
377
941 943
555
431
621
316
990 991
785
294
364
220
959
733
613
191 195
695 696
110
219
52 53
273 280
279
878
497
400
20 26
821
404
944
956 957
40 44
668 670
86 88
299
247
189
99 101
496 498
38
517 518
306 307
692
258
76 79
864
494 495
261
33
759 760
628 630
87
602
564 566
976
209
381
202
406
845
635 636
1
493
777
232
225
292
91 93
64 65
187
678
281
286
577 578
176
526
541
645
805 806
844
550
851
954
105 108
832 833
352
158 160
649
606
193
31 32
642
532
456
829
268
297 304
401 402
880
229
688
808 810
694
964
710 711
464 465
693
807
850
25
895
35
126 128
483
816 817
989
551
611
235
640
367
724
623
921
501 503
591
136
593
843
63
488
83
605
971
382 383
135
512 513
657 659
7
745
732
462
284
961 965
211
947 949
345 350
755
574
658
476 478
556
282
459 461
24
249 250
722
334
313
77
